<?xml version="1.0" encoding="UTF-8"?>
<testng-results ignored="0" total="1" passed="1" failed="0" skipped="0">
  <reporter-output>
    <line>
      <![CDATA[waiting for 1000 milli sec]]>
    </line>
    <line>
      <![CDATA[readind data url from propertyFile]]>
    </line>
    <line>
      <![CDATA[Launching browser]]>
    </line>
    <line>
      <![CDATA[waiting for 2000 milli sec]]>
    </line>
    <line>
      <![CDATA[clicking on home page signInButton]]>
    </line>
    <line>
      <![CDATA[waiting for 2000 milli sec]]>
    </line>
    <line>
      <![CDATA[readind data mobNum from propertyFile]]>
    </line>
    <line>
      <![CDATA[entering mobile number]]>
    </line>
    <line>
      <![CDATA[waiting for 2000 milli sec]]>
    </line>
    <line>
      <![CDATA[clicking on signInWithPassword]]>
    </line>
    <line>
      <![CDATA[waiting for 2000 milli sec]]>
    </line>
    <line>
      <![CDATA[readind data pwd from propertyFile]]>
    </line>
    <line>
      <![CDATA[entring password]]>
    </line>
    <line>
      <![CDATA[waiting for 2000 milli sec]]>
    </line>
    <line>
      <![CDATA[clicking on signInButton]]>
    </line>
    <line>
      <![CDATA[waiting for 2000 milli sec]]>
    </line>
    <line>
      <![CDATA[clicking on myAccount Button]]>
    </line>
    <line>
      <![CDATA[waiting for 2000 milli sec]]>
    </line>
    <line>
      <![CDATA[clicking on myProfile Button]]>
    </line>
    <line>
      <![CDATA[waiting for 5000 milli sec]]>
    </line>
    <line>
      <![CDATA[switching to child page]]>
    </line>
    <line>
      <![CDATA[waiting for 2000 milli sec]]>
    </line>
    <line>
      <![CDATA[waiting for 2000 milli sec]]>
    </line>
    <line>
      <![CDATA[getting actual userName]]>
    </line>
    <line>
      <![CDATA[waiting for 2000 milli sec]]>
    </line>
    <line>
      <![CDATA[readind data UN from propertyFile]]>
    </line>
    <line>
      <![CDATA[taking screenshot]]>
    </line>
    <line>
      <![CDATA[screenShot location is ... C:\Users\Lenovo\eclipse-workspace\PolicyBazar\ScreenShotPolicy\Sanghshil Somkuwar PB_TC_1234.png]]>
    </line>
    <line>
      <![CDATA[logging out...]]>
    </line>
    <line>
      <![CDATA[waiting for 1000 milli sec]]>
    </line>
    <line>
      <![CDATA[Closing Browser]]>
    </line>
  </reporter-output>
  <suite started-at="2023-07-05T13:24:36 IST" name="Default suite" finished-at="2023-07-05T13:26:04 IST" duration-ms="88358">
    <groups>
    </groups>
    <test started-at="2023-07-05T13:24:36 IST" name="Default test" finished-at="2023-07-05T13:26:04 IST" duration-ms="88358">
      <class name="TestPolicyBazar.PB_TC_1020_ValidatePolicyBazar">
        <test-method is-config="true" signature="launchPolicyBazaar()[pri:0, instance:TestPolicyBazar.PB_TC_1020_ValidatePolicyBazar@54422e18]" started-at="2023-07-05T13:24:36 IST" name="launchPolicyBazaar" finished-at="2023-07-05T13:25:15 IST" duration-ms="39794" status="PASS">
          <reporter-output>
            <line>
              <![CDATA[waiting for 1000 milli sec]]>
            </line>
            <line>
              <![CDATA[readind data url from propertyFile]]>
            </line>
            <line>
              <![CDATA[Launching browser]]>
            </line>
          </reporter-output>
        </test-method> <!-- launchPolicyBazaar -->
        <test-method is-config="true" signature="signInToPolicyBazaar()[pri:0, instance:TestPolicyBazar.PB_TC_1020_ValidatePolicyBazar@54422e18]" started-at="2023-07-05T13:25:16 IST" name="signInToPolicyBazaar" finished-at="2023-07-05T13:25:54 IST" duration-ms="38032" status="PASS">
          <reporter-output>
            <line>
              <![CDATA[waiting for 2000 milli sec]]>
            </line>
            <line>
              <![CDATA[clicking on home page signInButton]]>
            </line>
            <line>
              <![CDATA[waiting for 2000 milli sec]]>
            </line>
            <line>
              <![CDATA[readind data mobNum from propertyFile]]>
            </line>
            <line>
              <![CDATA[entering mobile number]]>
            </line>
            <line>
              <![CDATA[waiting for 2000 milli sec]]>
            </line>
            <line>
              <![CDATA[clicking on signInWithPassword]]>
            </line>
            <line>
              <![CDATA[waiting for 2000 milli sec]]>
            </line>
            <line>
              <![CDATA[readind data pwd from propertyFile]]>
            </line>
            <line>
              <![CDATA[entring password]]>
            </line>
            <line>
              <![CDATA[waiting for 2000 milli sec]]>
            </line>
            <line>
              <![CDATA[clicking on signInButton]]>
            </line>
            <line>
              <![CDATA[waiting for 2000 milli sec]]>
            </line>
            <line>
              <![CDATA[clicking on myAccount Button]]>
            </line>
            <line>
              <![CDATA[waiting for 2000 milli sec]]>
            </line>
            <line>
              <![CDATA[clicking on myProfile Button]]>
            </line>
            <line>
              <![CDATA[waiting for 5000 milli sec]]>
            </line>
            <line>
              <![CDATA[switching to child page]]>
            </line>
            <line>
              <![CDATA[waiting for 2000 milli sec]]>
            </line>
          </reporter-output>
        </test-method> <!-- signInToPolicyBazaar -->
        <test-method signature="validateUserName()[pri:0, instance:TestPolicyBazar.PB_TC_1020_ValidatePolicyBazar@54422e18]" started-at="2023-07-05T13:25:54 IST" name="validateUserName" finished-at="2023-07-05T13:25:59 IST" duration-ms="4495" status="PASS">
          <reporter-output>
            <line>
              <![CDATA[waiting for 2000 milli sec]]>
            </line>
            <line>
              <![CDATA[getting actual userName]]>
            </line>
            <line>
              <![CDATA[waiting for 2000 milli sec]]>
            </line>
            <line>
              <![CDATA[readind data UN from propertyFile]]>
            </line>
            <line>
              <![CDATA[taking screenshot]]>
            </line>
            <line>
              <![CDATA[screenShot location is ... C:\Users\Lenovo\eclipse-workspace\PolicyBazar\ScreenShotPolicy\Sanghshil Somkuwar PB_TC_1234.png]]>
            </line>
          </reporter-output>
        </test-method> <!-- validateUserName -->
        <test-method is-config="true" signature="logoutFromPolicyBazaar()[pri:0, instance:TestPolicyBazar.PB_TC_1020_ValidatePolicyBazar@54422e18]" started-at="2023-07-05T13:25:59 IST" name="logoutFromPolicyBazaar" finished-at="2023-07-05T13:26:00 IST" duration-ms="1176" status="PASS">
          <reporter-output>
            <line>
              <![CDATA[logging out...]]>
            </line>
          </reporter-output>
        </test-method> <!-- logoutFromPolicyBazaar -->
        <test-method is-config="true" signature="closePoilicyBazaar()[pri:0, instance:TestPolicyBazar.PB_TC_1020_ValidatePolicyBazar@54422e18]" started-at="2023-07-05T13:26:00 IST" name="closePoilicyBazaar" finished-at="2023-07-05T13:26:04 IST" duration-ms="4171" status="PASS">
          <reporter-output>
            <line>
              <![CDATA[waiting for 1000 milli sec]]>
            </line>
            <line>
              <![CDATA[Closing Browser]]>
            </line>
          </reporter-output>
        </test-method> <!-- closePoilicyBazaar -->
      </class> <!-- TestPolicyBazar.PB_TC_1020_ValidatePolicyBazar -->
    </test> <!-- Default test -->
  </suite> <!-- Default suite -->
</testng-results>
